<?xml version="1.0" encoding="UTF-8"?>
<!-- Generated by org.testng.reporters.JUnitXMLReporter -->
<testsuite ignored="1" hostname="LAPTOP-O0TMUNKV" failures="1" tests="1" name="Test" time="21.719" errors="0" timestamp="2023-02-22T23:35:03 IST">
  <testcase classname="testCases.TC_001_Login" name="test_login" time="14.278">
    <failure type="java.lang.AssertionError" message="expected [Welcome to OpenCart1!] but found [Welcome to OpenCart!]">
      <![CDATA[java.lang.AssertionError: expected [Welcome to OpenCart1!] but found [Welcome to OpenCart!]
at testCases.TC_001_Login.test_login(TC_001_Login.java:41)
at java.base/java.util.ArrayList.forEach(ArrayList.java:1511)
... Removed 31 stack frames]]>
    </failure>
  </testcase> <!-- test_login -->
  <testcase classname="testCases.TC_002_LoginDDT" name="test_loginDDT" time="0.0">
    <ignored/>
  </testcase> <!-- test_loginDDT -->
</testsuite> <!-- Test -->
