<?xml version="1.0" encoding="UTF-8"?>
<testng-results ignored="0" total="2" passed="2" failed="0" skipped="0">
  <reporter-output>
  </reporter-output>
  <suite started-at="2023-02-23T00:00:59 IST" name="Suite" finished-at="2023-02-23T00:01:45 IST" duration-ms="46356">
    <groups>
      <group name="Master">
        <method signature="TC_001_Login.test_login()[pri:0, instance:testCases.TC_001_Login@5b218417]" name="test_login" class="testCases.TC_001_Login"/>
        <method signature="TC_002_LoginDDT.test_loginDDT(java.lang.String,java.lang.String,java.lang.String)[pri:0, instance:testCases.TC_002_LoginDDT@48bb62]" name="test_loginDDT" class="testCases.TC_002_LoginDDT"/>
      </group> <!-- Master -->
      <group name="Sanity">
        <method signature="TC_001_Login.test_login()[pri:0, instance:testCases.TC_001_Login@5b218417]" name="test_login" class="testCases.TC_001_Login"/>
      </group> <!-- Sanity -->
      <group name="Regression">
        <method signature="TC_002_LoginDDT.test_loginDDT(java.lang.String,java.lang.String,java.lang.String)[pri:0, instance:testCases.TC_002_LoginDDT@48bb62]" name="test_loginDDT" class="testCases.TC_002_LoginDDT"/>
      </group> <!-- Regression -->
    </groups>
    <test started-at="2023-02-23T00:00:59 IST" name="Test" finished-at="2023-02-23T00:01:45 IST" duration-ms="46356">
      <class name="testCases.TC_002_LoginDDT">
        <test-method is-config="true" signature="setup(java.lang.String)[pri:0, instance:testCases.TC_002_LoginDDT@48bb62]" started-at="2023-02-23T00:01:23 IST" name="setup" finished-at="2023-02-23T00:01:28 IST" duration-ms="5057" status="PASS">
          <params>
            <param index="0">
              <value>
                <![CDATA[chrome]]>
              </value>
            </param>
          </params>
          <reporter-output>
          </reporter-output>
        </test-method> <!-- setup -->
        <test-method signature="test_loginDDT(java.lang.String,java.lang.String,java.lang.String)[pri:0, instance:testCases.TC_002_LoginDDT@48bb62]" started-at="2023-02-23T00:01:30 IST" name="test_loginDDT" data-provider="LoginData" finished-at="2023-02-23T00:01:44 IST" duration-ms="14270" status="PASS">
          <params>
            <param index="0">
              <value>
                <![CDATA[flowers121@yopmail.com]]>
              </value>
            </param>
            <param index="1">
              <value>
                <![CDATA[Hellohello@1]]>
              </value>
            </param>
            <param index="2">
              <value>
                <![CDATA[Valid]]>
              </value>
            </param>
          </params>
          <reporter-output>
          </reporter-output>
        </test-method> <!-- test_loginDDT -->
        <test-method is-config="true" signature="tearDown()[pri:0, instance:testCases.TC_002_LoginDDT@48bb62]" started-at="2023-02-23T00:01:44 IST" name="tearDown" finished-at="2023-02-23T00:01:45 IST" duration-ms="682" status="PASS">
          <reporter-output>
          </reporter-output>
        </test-method> <!-- tearDown -->
      </class> <!-- testCases.TC_002_LoginDDT -->
      <class name="testCases.TC_001_Login">
        <test-method is-config="true" signature="setup(java.lang.String)[pri:0, instance:testCases.TC_001_Login@5b218417]" started-at="2023-02-23T00:00:59 IST" name="setup" finished-at="2023-02-23T00:01:07 IST" duration-ms="8085" status="PASS">
          <params>
            <param index="0">
              <value>
                <![CDATA[chrome]]>
              </value>
            </param>
          </params>
          <reporter-output>
          </reporter-output>
        </test-method> <!-- setup -->
        <test-method signature="test_login()[pri:0, instance:testCases.TC_001_Login@5b218417]" started-at="2023-02-23T00:01:07 IST" name="test_login" finished-at="2023-02-23T00:01:23 IST" duration-ms="15407" status="PASS">
          <reporter-output>
          </reporter-output>
        </test-method> <!-- test_login -->
        <test-method is-config="true" signature="tearDown()[pri:0, instance:testCases.TC_001_Login@5b218417]" started-at="2023-02-23T00:01:23 IST" name="tearDown" finished-at="2023-02-23T00:01:23 IST" duration-ms="692" status="PASS">
          <reporter-output>
          </reporter-output>
        </test-method> <!-- tearDown -->
      </class> <!-- testCases.TC_001_Login -->
    </test> <!-- Test -->
  </suite> <!-- Suite -->
</testng-results>
